20:14:49 **** Build of configuration Debug for project NeuralNet ****
make all 
Building file: ../ImageConverter.c
Invoking: Cross GCC Compiler
gcc -I"/data/home/race/workspace/NeuralNet/include" -O0 -g3 -Wall -c -fmessage-length=0 -MMD -MP -MF"ImageConverter.d" -MT"ImageConverter.d" -o "ImageConverter.o" "../ImageConverter.c"
Finished building: ../ImageConverter.c
 
Building file: ../NeuralNetRes.c
Invoking: Cross GCC Compiler
gcc -I"/data/home/race/workspace/NeuralNet/include" -O0 -g3 -Wall -c -fmessage-length=0 -MMD -MP -MF"NeuralNetRes.d" -MT"NeuralNetRes.d" -o "NeuralNetRes.o" "../NeuralNetRes.c"
Finished building: ../NeuralNetRes.c
 
Building file: ../NeuralNetworkLearn.c
Invoking: Cross GCC Compiler
gcc -I"/data/home/race/workspace/NeuralNet/include" -O0 -g3 -Wall -c -fmessage-length=0 -MMD -MP -MF"NeuralNetworkLearn.d" -MT"NeuralNetworkLearn.d" -o "NeuralNetworkLearn.o" "../NeuralNetworkLearn.c"
Finished building: ../NeuralNetworkLearn.c
 
Building target: NeuralNet
Invoking: Cross GCC Linker
gcc -L"/data/home/race/workspace/NeuralNet/lib" -o "NeuralNet"  ./ImageConverter.o ./NeuralNetRes.o ./NeuralNetworkLearn.o   -lnetpbm -lfann
Finished building target: NeuralNet
 
20:15:12 **** Incremental Build of configuration Debug for project NeuralNet ****
make all 
Building file: ../NeuralNetworkLearn.c
Invoking: Cross GCC Compiler
gcc -I"/data/home/race/workspace/NeuralNet/include" -O0 -g3 -Wall -c -fmessage-length=0 -MMD -MP -MF"NeuralNetworkLearn.d" -MT"NeuralNetworkLearn.d" -o "NeuralNetworkLearn.o" "../NeuralNetworkLearn.c"
Finished building: ../NeuralNetworkLearn.c
 
Building target: NeuralNet
Invoking: Cross GCC Linker
gcc -L"/data/home/race/workspace/NeuralNet/lib" -o "NeuralNet"  ./ImageConverter.o ./NeuralNetRes.o ./NeuralNetworkLearn.o   -lnetpbm -lfann
Finished building target: NeuralNet
 
20:15:26 **** Incremental Build of configuration Debug for project NeuralNet ****
make all 
Building file: ../NeuralNetworkLearn.c
Invoking: Cross GCC Compiler
gcc -I"/data/home/race/workspace/NeuralNet/include" -O0 -g3 -Wall -c -fmessage-length=0 -MMD -MP -MF"NeuralNetworkLearn.d" -MT"NeuralNetworkLearn.d" -o "NeuralNetworkLearn.o" "../NeuralNetworkLearn.c"
Finished building: ../NeuralNetworkLearn.c
 
Building target: NeuralNet
Invoking: Cross GCC Linker
gcc -L"/data/home/race/workspace/NeuralNet/lib" -o "NeuralNet"  ./ImageConverter.o ./NeuralNetRes.o ./NeuralNetworkLearn.o   -lnetpbm -lfann
Finished building target: NeuralNet
 
12:19:58 **** Build of configuration Debug for project NeuralNet ****
make all 
Building file: ../ImageConverter.c
Invoking: Cross GCC Compiler
gcc -I"/data/home/race/workspace/NeuralNet/include" -O0 -g3 -Wall -c -fmessage-length=0 -MMD -MP -MF"ImageConverter.d" -MT"ImageConverter.d" -o "ImageConverter.o" "../ImageConverter.c"
Finished building: ../ImageConverter.c
 
Building target: NeuralNet
Invoking: Cross GCC Linker
gcc -L"/data/home/race/workspace/NeuralNet/lib" -o "NeuralNet"  ./ImageConverter.o ./NeuralNetRes.o ./NeuralNetworkLearn.o   -lnetpbm -lfann -lopencv_core
Finished building target: NeuralNet
 
12:23:07 **** Incremental Build of configuration Debug for project NeuralNet ****
make all 
Building file: ../.metadata/.plugins/org.eclipse.cdt.make.core/specs.c
Invoking: Cross GCC Compiler
gcc -I"/data/home/race/workspace/NeuralNet/include" -O0 -g3 -Wall -c -fmessage-length=0 -MMD -MP -MF".metadata/.plugins/org.eclipse.cdt.make.core/specs.d" -MT".metadata/.plugins/org.eclipse.cdt.make.core/specs.d" -o ".metadata/.plugins/org.eclipse.cdt.make.core/specs.o" "../.metadata/.plugins/org.eclipse.cdt.make.core/specs.c"
Finished building: ../.metadata/.plugins/org.eclipse.cdt.make.core/specs.c
 
Building file: ../NeuralNetworkLearn.c
Invoking: Cross GCC Compiler
gcc -I"/data/home/race/workspace/NeuralNet/include" -O0 -g3 -Wall -c -fmessage-length=0 -MMD -MP -MF"NeuralNetworkLearn.d" -MT"NeuralNetworkLearn.d" -o "NeuralNetworkLearn.o" "../NeuralNetworkLearn.c"
../NeuralNetworkLearn.c: In function ‘main’:
../NeuralNetworkLearn.c:9:2: error: unknown type name ‘IplImage’
../NeuralNetworkLearn.c:9:12: warning: unused variable ‘img’ [-Wunused-variable]
make: *** [NeuralNetworkLearn.o] Error 1
12:24:12 **** Incremental Build of configuration Debug for project NeuralNet ****
make all 
Building file: ../NeuralNetworkLearn.c
Invoking: Cross GCC Compiler
gcc -I"/data/home/race/workspace/NeuralNet/include" -O0 -g3 -Wall -c -fmessage-length=0 -MMD -MP -MF"NeuralNetworkLearn.d" -MT"NeuralNetworkLearn.d" -o "NeuralNetworkLearn.o" "../NeuralNetworkLearn.c"
../NeuralNetworkLearn.c: In function ‘main’:
../NeuralNetworkLearn.c:10:12: warning: unused variable ‘img’ [-Wunused-variable]
Finished building: ../NeuralNetworkLearn.c
 
Building target: NeuralNet
Invoking: Cross GCC Linker
gcc -L"/data/home/race/workspace/NeuralNet/lib" -o "NeuralNet"  ./.metadata/.plugins/org.eclipse.cdt.make.core/specs.o  ./ImageConverter.o ./NeuralNetRes.o ./NeuralNetworkLearn.o   -lnetpbm -lfann -lopencv_core
Finished building target: NeuralNet
 
12:26:09 **** Incremental Build of configuration Debug for project NeuralNet ****
make all 
Building file: ../NeuralNetworkLearn.c
Invoking: Cross GCC Compiler
gcc -I"/data/home/race/workspace/NeuralNet/include" -O0 -g3 -Wall -c -fmessage-length=0 -MMD -MP -MF"NeuralNetworkLearn.d" -MT"NeuralNetworkLearn.d" -o "NeuralNetworkLearn.o" "../NeuralNetworkLearn.c"
../NeuralNetworkLearn.c: In function ‘main’:
../NeuralNetworkLearn.c:11:2: warning: implicit declaration of function ‘cvLoadImage’ [-Wimplicit-function-declaration]
../NeuralNetworkLearn.c:11:6: warning: assignment makes pointer from integer without a cast [enabled by default]
../NeuralNetworkLearn.c:38:5: error: expected ‘;’ before ‘return’
../NeuralNetworkLearn.c:10:12: warning: variable ‘img’ set but not used [-Wunused-but-set-variable]
../NeuralNetworkLearn.c:39:1: warning: control reaches end of non-void function [-Wreturn-type]
make: *** [NeuralNetworkLearn.o] Error 1
12:26:16 **** Incremental Build of configuration Debug for project NeuralNet ****
make all 
Building file: ../NeuralNetworkLearn.c
Invoking: Cross GCC Compiler
gcc -I"/data/home/race/workspace/NeuralNet/include" -O0 -g3 -Wall -c -fmessage-length=0 -MMD -MP -MF"NeuralNetworkLearn.d" -MT"NeuralNetworkLearn.d" -o "NeuralNetworkLearn.o" "../NeuralNetworkLearn.c"
../NeuralNetworkLearn.c: In function ‘main’:
../NeuralNetworkLearn.c:11:2: warning: implicit declaration of function ‘cvLoadImage’ [-Wimplicit-function-declaration]
../NeuralNetworkLearn.c:11:6: warning: assignment makes pointer from integer without a cast [enabled by default]
../NeuralNetworkLearn.c:10:12: warning: variable ‘img’ set but not used [-Wunused-but-set-variable]
Finished building: ../NeuralNetworkLearn.c
 
Building target: NeuralNet
Invoking: Cross GCC Linker
gcc -L"/data/home/race/workspace/NeuralNet/lib" -o "NeuralNet"  ./.metadata/.plugins/org.eclipse.cdt.make.core/specs.o  ./ImageConverter.o ./NeuralNetRes.o ./NeuralNetworkLearn.o   -lnetpbm -lfann -lopencv_core
./NeuralNetworkLearn.o: In function `main':
/data/home/race/workspace/NeuralNet/Debug/../NeuralNetworkLearn.c:11: undefined reference to `cvLoadImage'
collect2: ld returned 1 exit status
make: *** [NeuralNet] Error 1
12:26:48 **** Incremental Build of configuration Debug for project NeuralNet ****
make all 
Building file: ../NeuralNetworkLearn.c
Invoking: Cross GCC Compiler
gcc -I"/data/home/race/workspace/NeuralNet/include" -O0 -g3 -Wall -c -fmessage-length=0 -MMD -MP -MF"NeuralNetworkLearn.d" -MT"NeuralNetworkLearn.d" -o "NeuralNetworkLearn.o" "../NeuralNetworkLearn.c"
../NeuralNetworkLearn.c: In function ‘main’:
../NeuralNetworkLearn.c:11:2: warning: implicit declaration of function ‘cvLoadImage’ [-Wimplicit-function-declaration]
../NeuralNetworkLearn.c:11:46: error: ‘CV_LOAD_IMAGE_COLOR’ undeclared (first use in this function)
../NeuralNetworkLearn.c:11:46: note: each undeclared identifier is reported only once for each function it appears in
../NeuralNetworkLearn.c:10:12: warning: variable ‘img’ set but not used [-Wunused-but-set-variable]
make: *** [NeuralNetworkLearn.o] Error 1
12:28:33 **** Incremental Build of configuration Debug for project NeuralNet ****
make all 
Building file: ../NeuralNetworkLearn.c
Invoking: Cross GCC Compiler
gcc -I"/data/home/race/workspace/NeuralNet/include" -O0 -g3 -Wall -c -fmessage-length=0 -MMD -MP -MF"NeuralNetworkLearn.d" -MT"NeuralNetworkLearn.d" -o "NeuralNetworkLearn.o" "../NeuralNetworkLearn.c"
../NeuralNetworkLearn.c:5:37: fatal error: opencv2/imgproc/imgproc.h: No such file or directory
compilation terminated.
make: *** [NeuralNetworkLearn.o] Error 1
12:28:43 **** Incremental Build of configuration Debug for project NeuralNet ****
make all 
Building file: ../NeuralNetworkLearn.c
Invoking: Cross GCC Compiler
gcc -I"/data/home/race/workspace/NeuralNet/include" -O0 -g3 -Wall -c -fmessage-length=0 -MMD -MP -MF"NeuralNetworkLearn.d" -MT"NeuralNetworkLearn.d" -o "NeuralNetworkLearn.o" "../NeuralNetworkLearn.c"
../NeuralNetworkLearn.c: In function ‘main’:
../NeuralNetworkLearn.c:11:2: warning: implicit declaration of function ‘cvLoadImage’ [-Wimplicit-function-declaration]
../NeuralNetworkLearn.c:11:46: error: ‘CV_LOAD_IMAGE_COLOR’ undeclared (first use in this function)
../NeuralNetworkLearn.c:11:46: note: each undeclared identifier is reported only once for each function it appears in
../NeuralNetworkLearn.c:10:12: warning: variable ‘img’ set but not used [-Wunused-but-set-variable]
make: *** [NeuralNetworkLearn.o] Error 1
12:30:05 **** Incremental Build of configuration Debug for project NeuralNet ****
make all 
Building file: ../NeuralNetworkLearn.c
Invoking: Cross GCC Compiler
gcc -I"/data/home/race/workspace/NeuralNet/include" -O0 -g3 -Wall -c -fmessage-length=0 -MMD -MP -MF"NeuralNetworkLearn.d" -MT"NeuralNetworkLearn.d" -o "NeuralNetworkLearn.o" "../NeuralNetworkLearn.c"
../NeuralNetworkLearn.c: In function ‘main’:
../NeuralNetworkLearn.c:11:2: warning: implicit declaration of function ‘cvLoadImage’ [-Wimplicit-function-declaration]
../NeuralNetworkLearn.c:11:46: error: ‘CV_LOAD_IMAGE_COLOR’ undeclared (first use in this function)
../NeuralNetworkLearn.c:11:46: note: each undeclared identifier is reported only once for each function it appears in
../NeuralNetworkLearn.c:10:12: warning: variable ‘img’ set but not used [-Wunused-but-set-variable]
make: *** [NeuralNetworkLearn.o] Error 1
12:32:49 **** Incremental Build of configuration Debug for project NeuralNet ****
make all 
Building file: ../NeuralNetworkLearn.c
Invoking: Cross GCC Compiler
gcc -I"/data/home/race/workspace/NeuralNet/include" -O0 -g3 -Wall -c -fmessage-length=0 -MMD -MP -MF"NeuralNetworkLearn.d" -MT"NeuralNetworkLearn.d" -o "NeuralNetworkLearn.o" "../NeuralNetworkLearn.c"
../NeuralNetworkLearn.c: In function ‘main’:
../NeuralNetworkLearn.c:9:12: warning: variable ‘img’ set but not used [-Wunused-but-set-variable]
Finished building: ../NeuralNetworkLearn.c
 
Building target: NeuralNet
Invoking: Cross GCC Linker
gcc -L"/data/home/race/workspace/NeuralNet/lib" -o "NeuralNet"  ./.metadata/.plugins/org.eclipse.cdt.make.core/specs.o  ./ImageConverter.o ./NeuralNetRes.o ./NeuralNetworkLearn.o   -lnetpbm -lfann -lopencv_core -lopencv_imgproc -lopencv_highgui
/usr/bin/ld: warning: libopencv_core.so.2.4, needed by /usr/local/lib/libopencv_highgui.so, may conflict with libopencv_core.so.2.3
Finished building target: NeuralNet
 
12:33:19 **** Incremental Build of configuration Debug for project NeuralNet ****
make all 
Building file: ../NeuralNetworkLearn.c
Invoking: Cross GCC Compiler
gcc -I"/data/home/race/workspace/NeuralNet/include" -O0 -g3 -Wall -c -fmessage-length=0 -MMD -MP -MF"NeuralNetworkLearn.d" -MT"NeuralNetworkLearn.d" -o "NeuralNetworkLearn.o" "../NeuralNetworkLearn.c"
../NeuralNetworkLearn.c: In function ‘main’:
../NeuralNetworkLearn.c:8:12: warning: variable ‘img’ set but not used [-Wunused-but-set-variable]
Finished building: ../NeuralNetworkLearn.c
 
Building target: NeuralNet
Invoking: Cross GCC Linker
gcc -L"/data/home/race/workspace/NeuralNet/lib" -o "NeuralNet"  ./.metadata/.plugins/org.eclipse.cdt.make.core/specs.o  ./ImageConverter.o ./NeuralNetRes.o ./NeuralNetworkLearn.o   -lnetpbm -lfann -lopencv_core -lopencv_imgproc -lopencv_highgui
/usr/bin/ld: warning: libopencv_core.so.2.4, needed by /usr/local/lib/libopencv_highgui.so, may conflict with libopencv_core.so.2.3
Finished building target: NeuralNet
 
12:33:24 **** Incremental Build of configuration Debug for project NeuralNet ****
make all 
Building file: ../NeuralNetworkLearn.c
Invoking: Cross GCC Compiler
gcc -I"/data/home/race/workspace/NeuralNet/include" -O0 -g3 -Wall -c -fmessage-length=0 -MMD -MP -MF"NeuralNetworkLearn.d" -MT"NeuralNetworkLearn.d" -o "NeuralNetworkLearn.o" "../NeuralNetworkLearn.c"
../NeuralNetworkLearn.c: In function ‘main’:
../NeuralNetworkLearn.c:9:12: warning: variable ‘img’ set but not used [-Wunused-but-set-variable]
Finished building: ../NeuralNetworkLearn.c
 
Building target: NeuralNet
Invoking: Cross GCC Linker
gcc -L"/data/home/race/workspace/NeuralNet/lib" -o "NeuralNet"  ./.metadata/.plugins/org.eclipse.cdt.make.core/specs.o  ./ImageConverter.o ./NeuralNetRes.o ./NeuralNetworkLearn.o   -lnetpbm -lfann -lopencv_core -lopencv_imgproc -lopencv_highgui
/usr/bin/ld: warning: libopencv_core.so.2.4, needed by /usr/local/lib/libopencv_highgui.so, may conflict with libopencv_core.so.2.3
Finished building target: NeuralNet
 
12:34:07 **** Incremental Build of configuration Debug for project NeuralNet ****
make all 
Building file: ../NeuralNetworkLearn.c
Invoking: Cross GCC Compiler
gcc -I"/data/home/race/workspace/NeuralNet/include" -O0 -g3 -Wall -c -fmessage-length=0 -MMD -MP -MF"NeuralNetworkLearn.d" -MT"NeuralNetworkLearn.d" -o "NeuralNetworkLearn.o" "../NeuralNetworkLearn.c"
Finished building: ../NeuralNetworkLearn.c
 
Building target: NeuralNet
Invoking: Cross GCC Linker
gcc -L"/data/home/race/workspace/NeuralNet/lib" -o "NeuralNet"  ./.metadata/.plugins/org.eclipse.cdt.make.core/specs.o  ./ImageConverter.o ./NeuralNetRes.o ./NeuralNetworkLearn.o   -lnetpbm -lfann -lopencv_core -lopencv_imgproc -lopencv_highgui
/usr/bin/ld: warning: libopencv_core.so.2.4, needed by /usr/local/lib/libopencv_highgui.so, may conflict with libopencv_core.so.2.3
Finished building target: NeuralNet
 
12:42:15 **** Incremental Build of configuration Debug for project NeuralNet ****
make all 
Building file: ../NeuralNetworkLearn.c
Invoking: Cross GCC Compiler
gcc -I"/data/home/race/workspace/NeuralNet/include" -O0 -g3 -Wall -c -fmessage-length=0 -MMD -MP -MF"NeuralNetworkLearn.d" -MT"NeuralNetworkLearn.d" -o "NeuralNetworkLearn.o" "../NeuralNetworkLearn.c"
../NeuralNetworkLearn.c: In function ‘main’:
../NeuralNetworkLearn.c:18:43: error: ‘argv’ undeclared (first use in this function)
../NeuralNetworkLearn.c:18:43: note: each undeclared identifier is reported only once for each function it appears in
../NeuralNetworkLearn.c:12:10: warning: unused variable ‘k’ [-Wunused-variable]
../NeuralNetworkLearn.c:12:8: warning: unused variable ‘j’ [-Wunused-variable]
../NeuralNetworkLearn.c:12:6: warning: unused variable ‘i’ [-Wunused-variable]
../NeuralNetworkLearn.c:11:9: warning: variable ‘data’ set but not used [-Wunused-but-set-variable]
../NeuralNetworkLearn.c:10:19: warning: variable ‘step’ set but not used [-Wunused-but-set-variable]
make: *** [NeuralNetworkLearn.o] Error 1
12:42:51 **** Incremental Build of configuration Debug for project NeuralNet ****
make all 
Building file: ../NeuralNetworkLearn.c
Invoking: Cross GCC Compiler
gcc -I"/data/home/race/workspace/NeuralNet/include" -O0 -g3 -Wall -c -fmessage-length=0 -MMD -MP -MF"NeuralNetworkLearn.d" -MT"NeuralNetworkLearn.d" -o "NeuralNetworkLearn.o" "../NeuralNetworkLearn.c"
../NeuralNetworkLearn.c: In function ‘main’:
../NeuralNetworkLearn.c:12:10: warning: unused variable ‘k’ [-Wunused-variable]
../NeuralNetworkLearn.c:12:8: warning: unused variable ‘j’ [-Wunused-variable]
../NeuralNetworkLearn.c:12:6: warning: unused variable ‘i’ [-Wunused-variable]
../NeuralNetworkLearn.c:11:9: warning: variable ‘data’ set but not used [-Wunused-but-set-variable]
../NeuralNetworkLearn.c:10:19: warning: variable ‘step’ set but not used [-Wunused-but-set-variable]
Finished building: ../NeuralNetworkLearn.c
 
Building target: NeuralNet
Invoking: Cross GCC Linker
gcc -L"/data/home/race/workspace/NeuralNet/lib" -o "NeuralNet"  ./.metadata/.plugins/org.eclipse.cdt.make.core/specs.o  ./ImageConverter.o ./NeuralNetRes.o ./NeuralNetworkLearn.o   -lnetpbm -lfann -lopencv_core -lopencv_imgproc -lopencv_highgui
/usr/bin/ld: warning: libopencv_core.so.2.4, needed by /usr/local/lib/libopencv_highgui.so, may conflict with libopencv_core.so.2.3
Finished building target: NeuralNet
 
12:45:31 **** Incremental Build of configuration Debug for project NeuralNet ****
make all 
Building file: ../ImageConverter.c
Invoking: Cross GCC Compiler
gcc -I"/data/home/race/workspace/NeuralNet/include" -O0 -g3 -Wall -c -fmessage-length=0 -MMD -MP -MF"ImageConverter.d" -MT"ImageConverter.d" -o "ImageConverter.o" "../ImageConverter.c"
../ImageConverter.c: In function ‘imageToFeature_netpbm’:
../ImageConverter.c:174:2: error: unknown type name ‘pixval’
../ImageConverter.c:175:2: error: unknown type name ‘pixel’
../ImageConverter.c:176:2: error: unknown type name ‘pixel’
../ImageConverter.c:177:2: error: unknown type name ‘pixel’
../ImageConverter.c:186:2: warning: implicit declaration of function ‘ppm_readppm’ [-Wimplicit-function-declaration]
../ImageConverter.c:186:11: warning: assignment makes pointer from integer without a cast [enabled by default]
../ImageConverter.c:198:26: error: request for member ‘r’ in something not a structure or union
../ImageConverter.c:200:26: error: request for member ‘g’ in something not a structure or union
../ImageConverter.c:202:26: error: request for member ‘b’ in something not a structure or union
../ImageConverter.c:210:2: warning: implicit declaration of function ‘ppm_freearray’ [-Wimplicit-function-declaration]
make: *** [ImageConverter.o] Error 1
12:49:38 **** Incremental Build of configuration Debug for project NeuralNet ****
make all 
Building file: ../ImageConverter.c
Invoking: Cross GCC Compiler
gcc -I"/data/home/race/workspace/NeuralNet/include" -O0 -g3 -Wall -c -fmessage-length=0 -MMD -MP -MF"ImageConverter.d" -MT"ImageConverter.d" -o "ImageConverter.o" "../ImageConverter.c"
../ImageConverter.c: In function ‘imageToFeature_netpbm’:
../ImageConverter.c:171:19: error: ‘rowsP’ undeclared (first use in this function)
../ImageConverter.c:171:19: note: each undeclared identifier is reported only once for each function it appears in
../ImageConverter.c:171:27: error: ‘colsP’ undeclared (first use in this function)
../ImageConverter.c:179:3: warning: implicit declaration of function ‘cvLoadImage’ [-Wimplicit-function-declaration]
../ImageConverter.c:179:45: error: ‘CV_LOAD_IMAGE_COLOR’ undeclared (first use in this function)
../ImageConverter.c: At top level:
../ImageConverter.c:198:2: warning: data definition has no type or storage class [enabled by default]
../ImageConverter.c:198:3: warning: type defaults to ‘int’ in declaration of ‘curFeature’ [-Wimplicit-int]
../ImageConverter.c:198:16: warning: initialization makes pointer from integer without a cast [enabled by default]
../ImageConverter.c:200:2: warning: data definition has no type or storage class [enabled by default]
../ImageConverter.c:200:2: warning: type defaults to ‘int’ in declaration of ‘ppm_freearray’ [-Wimplicit-int]
../ImageConverter.c:200:2: warning: parameter names (without types) in function declaration [enabled by default]
../ImageConverter.c:201:2: error: expected identifier or ‘(’ before ‘return’
../ImageConverter.c:202:1: error: expected identifier or ‘(’ before ‘}’ token
../ImageConverter.c: In function ‘imageToFeature_netpbm’:
../ImageConverter.c:196:2: warning: control reaches end of non-void function [-Wreturn-type]
make: *** [ImageConverter.o] Error 1
12:54:54 **** Incremental Build of configuration Debug for project NeuralNet ****
make all 
Building file: ../ImageConverter.c
Invoking: Cross GCC Compiler
gcc -I"/data/home/race/workspace/NeuralNet/include" -O0 -g3 -Wall -c -fmessage-length=0 -MMD -MP -MF"ImageConverter.d" -MT"ImageConverter.d" -o "ImageConverter.o" "../ImageConverter.c"
../ImageConverter.c:201:2: warning: data definition has no type or storage class [enabled by default]
../ImageConverter.c:201:3: warning: type defaults to ‘int’ in declaration of ‘curFeature’ [-Wimplicit-int]
../ImageConverter.c:201:16: warning: initialization makes pointer from integer without a cast [enabled by default]
../ImageConverter.c:203:2: warning: data definition has no type or storage class [enabled by default]
../ImageConverter.c:203:2: warning: type defaults to ‘int’ in declaration of ‘ppm_freearray’ [-Wimplicit-int]
../ImageConverter.c:203:2: warning: parameter names (without types) in function declaration [enabled by default]
../ImageConverter.c:204:2: error: expected identifier or ‘(’ before ‘return’
../ImageConverter.c:205:1: error: expected identifier or ‘(’ before ‘}’ token
../ImageConverter.c: In function ‘imageToFeature_netpbm’:
../ImageConverter.c:199:2: warning: control reaches end of non-void function [-Wreturn-type]
make: *** [ImageConverter.o] Error 1
12:55:52 **** Incremental Build of configuration Debug for project NeuralNet ****
make all 
Building file: ../ImageConverter.c
Invoking: Cross GCC Compiler
gcc -I"/data/home/race/workspace/NeuralNet/include" -O0 -g3 -Wall -c -fmessage-length=0 -MMD -MP -MF"ImageConverter.d" -MT"ImageConverter.d" -o "ImageConverter.o" "../ImageConverter.c"
Finished building: ../ImageConverter.c
 
Building target: NeuralNet
Invoking: Cross GCC Linker
gcc -L"/data/home/race/workspace/NeuralNet/lib" -o "NeuralNet"  ./.metadata/.plugins/org.eclipse.cdt.make.core/specs.o  ./ImageConverter.o ./NeuralNetRes.o ./NeuralNetworkLearn.o   -lnetpbm -lfann -lopencv_core -lopencv_imgproc -lopencv_highgui
/usr/bin/ld: warning: libopencv_core.so.2.4, needed by /usr/local/lib/libopencv_highgui.so, may conflict with libopencv_core.so.2.3
Finished building target: NeuralNet
 
12:56:46 **** Incremental Build of configuration Debug for project NeuralNet ****
make all 
Building file: ../NeuralNetworkLearn.c
Invoking: Cross GCC Compiler
gcc -I"/data/home/race/workspace/NeuralNet/include" -O0 -g3 -Wall -c -fmessage-length=0 -MMD -MP -MF"NeuralNetworkLearn.d" -MT"NeuralNetworkLearn.d" -o "NeuralNetworkLearn.o" "../NeuralNetworkLearn.c"
Finished building: ../NeuralNetworkLearn.c
 
Building target: NeuralNet
Invoking: Cross GCC Linker
gcc -L"/data/home/race/workspace/NeuralNet/lib" -o "NeuralNet"  ./.metadata/.plugins/org.eclipse.cdt.make.core/specs.o  ./ImageConverter.o ./NeuralNetRes.o ./NeuralNetworkLearn.o   -lnetpbm -lfann -lopencv_core -lopencv_imgproc -lopencv_highgui
/usr/bin/ld: warning: libopencv_core.so.2.4, needed by /usr/local/lib/libopencv_highgui.so, may conflict with libopencv_core.so.2.3
Finished building target: NeuralNet
 
12:57:14 **** Incremental Build of configuration Debug for project NeuralNet ****
make all 
Building file: ../ImageConverter.c
Invoking: Cross GCC Compiler
gcc -I"/data/home/race/workspace/NeuralNet/include" -O0 -g3 -Wall -c -fmessage-length=0 -MMD -MP -MF"ImageConverter.d" -MT"ImageConverter.d" -o "ImageConverter.o" "../ImageConverter.c"
Finished building: ../ImageConverter.c
 
Building target: NeuralNet
Invoking: Cross GCC Linker
gcc -L"/data/home/race/workspace/NeuralNet/lib" -o "NeuralNet"  ./.metadata/.plugins/org.eclipse.cdt.make.core/specs.o  ./ImageConverter.o ./NeuralNetRes.o ./NeuralNetworkLearn.o   -lnetpbm -lfann -lopencv_core -lopencv_imgproc -lopencv_highgui
/usr/bin/ld: warning: libopencv_core.so.2.4, needed by /usr/local/lib/libopencv_highgui.so, may conflict with libopencv_core.so.2.3
Finished building target: NeuralNet
 
12:58:05 **** Incremental Build of configuration Debug for project NeuralNet ****
make all 
Building file: ../ImageConverter.c
Invoking: Cross GCC Compiler
gcc -I"/data/home/race/workspace/NeuralNet/include" -O0 -g3 -Wall -c -fmessage-length=0 -MMD -MP -MF"ImageConverter.d" -MT"ImageConverter.d" -o "ImageConverter.o" "../ImageConverter.c"
Finished building: ../ImageConverter.c
 
Building target: NeuralNet
Invoking: Cross GCC Linker
gcc -L"/data/home/race/workspace/NeuralNet/lib" -o "NeuralNet"  ./.metadata/.plugins/org.eclipse.cdt.make.core/specs.o  ./ImageConverter.o ./NeuralNetRes.o ./NeuralNetworkLearn.o   -lnetpbm -lfann -lopencv_core -lopencv_imgproc -lopencv_highgui
/usr/bin/ld: warning: libopencv_core.so.2.4, needed by /usr/local/lib/libopencv_highgui.so, may conflict with libopencv_core.so.2.3
Finished building target: NeuralNet
 
12:59:02 **** Incremental Build of configuration Debug for project NeuralNet ****
make all 
Building file: ../ImageConverter.c
Invoking: Cross GCC Compiler
gcc -I"/data/home/race/workspace/NeuralNet/include" -O0 -g3 -Wall -c -fmessage-length=0 -MMD -MP -MF"ImageConverter.d" -MT"ImageConverter.d" -o "ImageConverter.o" "../ImageConverter.c"
Finished building: ../ImageConverter.c
 
Building target: NeuralNet
Invoking: Cross GCC Linker
gcc -L"/data/home/race/workspace/NeuralNet/lib" -o "NeuralNet"  ./.metadata/.plugins/org.eclipse.cdt.make.core/specs.o  ./ImageConverter.o ./NeuralNetRes.o ./NeuralNetworkLearn.o   -lnetpbm -lfann -lopencv_core -lopencv_imgproc -lopencv_highgui
/usr/bin/ld: warning: libopencv_core.so.2.4, needed by /usr/local/lib/libopencv_highgui.so, may conflict with libopencv_core.so.2.3
Finished building target: NeuralNet
 
13:02:04 **** Incremental Build of configuration Debug for project NeuralNet ****
make all 
Building file: ../ImageConverter.c
Invoking: Cross GCC Compiler
gcc -I"/data/home/race/workspace/NeuralNet/include" -O0 -g3 -Wall -c -fmessage-length=0 -MMD -MP -MF"ImageConverter.d" -MT"ImageConverter.d" -o "ImageConverter.o" "../ImageConverter.c"
Finished building: ../ImageConverter.c
 
Building target: NeuralNet
Invoking: Cross GCC Linker
gcc -L"/data/home/race/workspace/NeuralNet/lib" -o "NeuralNet"  ./.metadata/.plugins/org.eclipse.cdt.make.core/specs.o  ./ImageConverter.o ./NeuralNetRes.o ./NeuralNetworkLearn.o   -lnetpbm -lfann -lopencv_core -lopencv_imgproc -lopencv_highgui
/usr/bin/ld: warning: libopencv_core.so.2.4, needed by /usr/local/lib/libopencv_highgui.so, may conflict with libopencv_core.so.2.3
Finished building target: NeuralNet
 
13:03:06 **** Incremental Build of configuration Debug for project NeuralNet ****
make all 
Building file: ../ImageConverter.c
Invoking: Cross GCC Compiler
gcc -I"/data/home/race/workspace/NeuralNet/include" -O0 -g3 -Wall -c -fmessage-length=0 -MMD -MP -MF"ImageConverter.d" -MT"ImageConverter.d" -o "ImageConverter.o" "../ImageConverter.c"
Finished building: ../ImageConverter.c
 
Building target: NeuralNet
Invoking: Cross GCC Linker
gcc -L"/data/home/race/workspace/NeuralNet/lib" -o "NeuralNet"  ./.metadata/.plugins/org.eclipse.cdt.make.core/specs.o  ./ImageConverter.o ./NeuralNetRes.o ./NeuralNetworkLearn.o   -lnetpbm -lfann -lopencv_core -lopencv_imgproc -lopencv_highgui
/usr/bin/ld: warning: libopencv_core.so.2.4, needed by /usr/local/lib/libopencv_highgui.so, may conflict with libopencv_core.so.2.3
Finished building target: NeuralNet
 
13:05:05 **** Incremental Build of configuration Debug for project NeuralNet ****
make all 
Building file: ../ImageConverter.c
Invoking: Cross GCC Compiler
gcc -I"/data/home/race/workspace/NeuralNet/include" -O0 -g3 -Wall -c -fmessage-length=0 -MMD -MP -MF"ImageConverter.d" -MT"ImageConverter.d" -o "ImageConverter.o" "../ImageConverter.c"
Finished building: ../ImageConverter.c
 
Building target: NeuralNet
Invoking: Cross GCC Linker
gcc -L"/data/home/race/workspace/NeuralNet/lib" -o "NeuralNet"  ./.metadata/.plugins/org.eclipse.cdt.make.core/specs.o  ./ImageConverter.o ./NeuralNetRes.o ./NeuralNetworkLearn.o   -lnetpbm -lfann -lopencv_core -lopencv_imgproc -lopencv_highgui
/usr/bin/ld: warning: libopencv_core.so.2.4, needed by /usr/local/lib/libopencv_highgui.so, may conflict with libopencv_core.so.2.3
Finished building target: NeuralNet
 
13:05:30 **** Incremental Build of configuration Debug for project NeuralNet ****
make all 
Building file: ../ImageConverter.c
Invoking: Cross GCC Compiler
gcc -I"/data/home/race/workspace/NeuralNet/include" -O0 -g3 -Wall -c -fmessage-length=0 -MMD -MP -MF"ImageConverter.d" -MT"ImageConverter.d" -o "ImageConverter.o" "../ImageConverter.c"
Finished building: ../ImageConverter.c
 
Building target: NeuralNet
Invoking: Cross GCC Linker
gcc -L"/data/home/race/workspace/NeuralNet/lib" -o "NeuralNet"  ./.metadata/.plugins/org.eclipse.cdt.make.core/specs.o  ./ImageConverter.o ./NeuralNetRes.o ./NeuralNetworkLearn.o   -lnetpbm -lfann -lopencv_core -lopencv_imgproc -lopencv_highgui
/usr/bin/ld: warning: libopencv_core.so.2.4, needed by /usr/local/lib/libopencv_highgui.so, may conflict with libopencv_core.so.2.3
Finished building target: NeuralNet
 
13:06:45 **** Incremental Build of configuration Debug for project NeuralNet ****
make all 
Building file: ../ImageConverter.c
Invoking: Cross GCC Compiler
gcc -I"/data/home/race/workspace/NeuralNet/include" -O0 -g3 -Wall -c -fmessage-length=0 -MMD -MP -MF"ImageConverter.d" -MT"ImageConverter.d" -o "ImageConverter.o" "../ImageConverter.c"
Finished building: ../ImageConverter.c
 
Building target: NeuralNet
Invoking: Cross GCC Linker
gcc -L"/data/home/race/workspace/NeuralNet/lib" -o "NeuralNet"  ./.metadata/.plugins/org.eclipse.cdt.make.core/specs.o  ./ImageConverter.o ./NeuralNetRes.o ./NeuralNetworkLearn.o   -lnetpbm -lfann -lopencv_core -lopencv_imgproc -lopencv_highgui
/usr/bin/ld: warning: libopencv_core.so.2.4, needed by /usr/local/lib/libopencv_highgui.so, may conflict with libopencv_core.so.2.3
Finished building target: NeuralNet
 
13:07:13 **** Incremental Build of configuration Debug for project NeuralNet ****
make all 
Building file: ../NeuralNetworkLearn.c
Invoking: Cross GCC Compiler
gcc -I"/data/home/race/workspace/NeuralNet/include" -O0 -g3 -Wall -c -fmessage-length=0 -MMD -MP -MF"NeuralNetworkLearn.d" -MT"NeuralNetworkLearn.d" -o "NeuralNetworkLearn.o" "../NeuralNetworkLearn.c"
Finished building: ../NeuralNetworkLearn.c
 
Building target: NeuralNet
Invoking: Cross GCC Linker
gcc -L"/data/home/race/workspace/NeuralNet/lib" -o "NeuralNet"  ./.metadata/.plugins/org.eclipse.cdt.make.core/specs.o  ./ImageConverter.o ./NeuralNetRes.o ./NeuralNetworkLearn.o   -lnetpbm -lfann -lopencv_core -lopencv_imgproc -lopencv_highgui
/usr/bin/ld: warning: libopencv_core.so.2.4, needed by /usr/local/lib/libopencv_highgui.so, may conflict with libopencv_core.so.2.3
Finished building target: NeuralNet
 
13:08:16 **** Incremental Build of configuration Debug for project NeuralNet ****
make all 
Building target: NeuralNet
Invoking: Cross GCC Linker
gcc -L"/data/home/race/workspace/NeuralNet/lib" -o "NeuralNet"  ./.metadata/.plugins/org.eclipse.cdt.make.core/specs.o  ./ImageConverter.o ./NeuralNetRes.o ./NeuralNetworkLearn.o   -lfann -lopencv_core -lopencv_imgproc -lopencv_highgui
/usr/bin/ld: warning: libopencv_core.so.2.4, needed by /usr/local/lib/libopencv_highgui.so, may conflict with libopencv_core.so.2.3
Finished building target: NeuralNet
 
